  Source.cpp
c:\users\bobcr\onedrive\documents\visual studio 2017\projects\backgroundsubstractor\backgroundsubstractor\Hull.h(48): warning C4267: 'return': conversion from 'size_t' to 'int', possible loss of data
c:\users\bobcr\onedrive\documents\visual studio 2017\projects\backgroundsubstractor\backgroundsubstractor\Dist.h(111): warning C4554: '^': check operator precedence for possible error; use parentheses to clarify precedence
e:\opencv\build\include\opencv2\core\cvstd.hpp(596): warning C4793: 'cv::String::String': function compiled as native:
  	Found an intrinsic not supported in managed code
e:\opencv\build\include\opencv2\core\mat.inl.hpp(413): warning C4793: 'cv::Mat::Mat': function compiled as native:
  	Found an intrinsic not supported in managed code
e:\opencv\build\include\opencv2\core\mat.inl.hpp(703): warning C4793: 'cv::Mat::release': function compiled as native:
  	Found an intrinsic not supported in managed code
e:\opencv\build\include\opencv2\core\mat.inl.hpp(1929): warning C4793: 'cv::SparseMat::addref': function compiled as native:
  	Found an intrinsic not supported in managed code
e:\opencv\build\include\opencv2\core\mat.inl.hpp(3530): warning C4793: 'cv::UMat::addref': function compiled as native:
  	Found an intrinsic not supported in managed code
e:\opencv\build\include\opencv2\core\ptr.inl.hpp(67): warning C4793: 'cv::detail::PtrOwner::incRef': function compiled as native:
  	Found an intrinsic not supported in managed code
e:\opencv\build\include\opencv2\core\ptr.inl.hpp(72): warning C4793: 'cv::detail::PtrOwner::decRef': function compiled as native:
  	Found an intrinsic not supported in managed code
e:\opencv\build\include\opencv2\core\mat.inl.hpp(601): warning C4793: 'cv::Mat::operator=': function compiled as native:
  	Found an intrinsic not supported in managed code
  BackgroundSubstractor.vcxproj -> C:\Users\bobcr\onedrive\documents\visual studio 2017\Projects\BackgroundSubstractor\x64\Debug\BackgroundSubstractor.exe
